<?xml version="1.0" encoding="UTF-8"?>
<!-- Generated by org.testng.reporters.JUnitReportReporter -->
<testsuite hostname="text-OptiPlex-3010" name="testcases.TextmercatoEndEndFlow" tests="13" failures="0" timestamp="3 Aug 2018 12:53:49 GMT" time="811.133" errors="2">
  <testcase name="manager_profilepage" time="15.869" classname="testcases.TextmercatoEndEndFlow"/>
  <testcase name="manager_ApproveReworkArticles" time="37.619" classname="testcases.TextmercatoEndEndFlow"/>
  <testcase name="writer_ReworkOnArticles" time="118.414" classname="testcases.TextmercatoEndEndFlow"/>
  <testcase name="frontEndTesting" time="112.923" classname="testcases.TextmercatoEndEndFlow"/>
  <testcase name="dashboardClientpage" time="41.049" classname="testcases.TextmercatoEndEndFlow">
    <error type="org.openqa.selenium.WebDriverException" message="unknown error: Element &lt;input client_id=&quot;68&quot; style=&quot; width:100%; &quot; title=&quot;Mark as Paid&quot; class=&quot;mark_as_paid_datepicker client_id68&quot; amount_to_be_paid=&quot;5664&quot; amount_paid_by_client=&quot;&quot; readonly=&quot;1&quot;&gt; is not clickable at point (931, 14). Other element would receive the click: &lt;div class=&quot;modal bootstrap-dialog type-primary fade size-normal in&quot; role=&quot;dialog&quot; aria-hidden=&quot;true&quot; id=&quot;80153e2b-bcef-4d67-ad2f-b5405b354f84&quot; aria-labelledby=&quot;80153e2b-bcef-4d67-ad2f-b5405b354f84_title&quot; tabindex=&quot;-1&quot; style=&quot;z-index: 1050; display: block; padding-right: 15px;&quot;&gt;...&lt;/div&gt;
  (Session info: chrome=68.0.3440.84)
  (Driver info: chromedriver=2.38.552522 (437e6fbedfa8762dec75e2c5b3ddb86763dc9dcb),platform=Linux 4.15.0-29-generic x86_64) (WARNING: The server did not provide any stacktrace information)
Command duration or timeout: 0 milliseconds
Build info: version: &#039;3.11.0&#039;, revision: &#039;e59cfb3&#039;, time: &#039;2018-03-11T20:26:55.152Z&#039;
System info: host: &#039;text-OptiPlex-3010&#039;, ip: &#039;127.0.1.1&#039;, os.name: &#039;Linux&#039;, os.arch: &#039;amd64&#039;, os.version: &#039;4.15.0-29-generic&#039;, java.version: &#039;1.8.0_181&#039;
Driver info: org.openqa.selenium.chrome.ChromeDriver
Capabilities {acceptInsecureCerts: false, acceptSslCerts: false, applicationCacheEnabled: false, browserConnectionEnabled: false, browserName: chrome, chrome: {chromedriverVersion: 2.38.552522 (437e6fbedfa876..., userDataDir: /tmp/.org.chromium.Chromium...}, cssSelectorsEnabled: true, databaseEnabled: false, handlesAlerts: true, hasTouchScreen: false, javascriptEnabled: true, locationContextEnabled: true, mobileEmulationEnabled: false, nativeEvents: true, networkConnectionEnabled: false, pageLoadStrategy: normal, platform: LINUX, platformName: LINUX, rotatable: false, setWindowRect: true, takesHeapSnapshot: true, takesScreenshot: true, unexpectedAlertBehaviour: , unhandledPromptBehavior: , version: 68.0.3440.84, webStorageEnabled: true}
Session ID: a0cb8a7a797c93535e3c6b051b6c0bb2">
      <![CDATA[org.openqa.selenium.WebDriverException: unknown error: Element <input client_id="68" style=" width:100%; " title="Mark as Paid" class="mark_as_paid_datepicker client_id68" amount_to_be_paid="5664" amount_paid_by_client="" readonly="1"> is not clickable at point (931, 14). Other element would receive the click: <div class="modal bootstrap-dialog type-primary fade size-normal in" role="dialog" aria-hidden="true" id="80153e2b-bcef-4d67-ad2f-b5405b354f84" aria-labelledby="80153e2b-bcef-4d67-ad2f-b5405b354f84_title" tabindex="-1" style="z-index: 1050; display: block; padding-right: 15px;">...</div>
  (Session info: chrome=68.0.3440.84)
  (Driver info: chromedriver=2.38.552522 (437e6fbedfa8762dec75e2c5b3ddb86763dc9dcb),platform=Linux 4.15.0-29-generic x86_64) (WARNING: The server did not provide any stacktrace information)
Command duration or timeout: 0 milliseconds
Build info: version: '3.11.0', revision: 'e59cfb3', time: '2018-03-11T20:26:55.152Z'
System info: host: 'text-OptiPlex-3010', ip: '127.0.1.1', os.name: 'Linux', os.arch: 'amd64', os.version: '4.15.0-29-generic', java.version: '1.8.0_181'
Driver info: org.openqa.selenium.chrome.ChromeDriver
Capabilities {acceptInsecureCerts: false, acceptSslCerts: false, applicationCacheEnabled: false, browserConnectionEnabled: false, browserName: chrome, chrome: {chromedriverVersion: 2.38.552522 (437e6fbedfa876..., userDataDir: /tmp/.org.chromium.Chromium...}, cssSelectorsEnabled: true, databaseEnabled: false, handlesAlerts: true, hasTouchScreen: false, javascriptEnabled: true, locationContextEnabled: true, mobileEmulationEnabled: false, nativeEvents: true, networkConnectionEnabled: false, pageLoadStrategy: normal, platform: LINUX, platformName: LINUX, rotatable: false, setWindowRect: true, takesHeapSnapshot: true, takesScreenshot: true, unexpectedAlertBehaviour: , unhandledPromptBehavior: , version: 68.0.3440.84, webStorageEnabled: true}
Session ID: a0cb8a7a797c93535e3c6b051b6c0bb2
	at sun.reflect.NativeConstructorAccessorImpl.newInstance0(Native Method)
	at sun.reflect.NativeConstructorAccessorImpl.newInstance(NativeConstructorAccessorImpl.java:62)
	at sun.reflect.DelegatingConstructorAccessorImpl.newInstance(DelegatingConstructorAccessorImpl.java:45)
	at java.lang.reflect.Constructor.newInstance(Constructor.java:423)
	at org.openqa.selenium.remote.ErrorHandler.createThrowable(ErrorHandler.java:214)
	at org.openqa.selenium.remote.ErrorHandler.throwIfResponseFailed(ErrorHandler.java:166)
	at org.openqa.selenium.remote.http.JsonHttpResponseCodec.reconstructValue(JsonHttpResponseCodec.java:40)
	at org.openqa.selenium.remote.http.AbstractHttpResponseCodec.decode(AbstractHttpResponseCodec.java:80)
	at org.openqa.selenium.remote.http.AbstractHttpResponseCodec.decode(AbstractHttpResponseCodec.java:44)
	at org.openqa.selenium.remote.HttpCommandExecutor.execute(HttpCommandExecutor.java:158)
	at org.openqa.selenium.remote.service.DriverCommandExecutor.execute(DriverCommandExecutor.java:83)
	at org.openqa.selenium.remote.RemoteWebDriver.execute(RemoteWebDriver.java:545)
	at org.openqa.selenium.remote.RemoteWebElement.execute(RemoteWebElement.java:279)
	at org.openqa.selenium.remote.RemoteWebElement.click(RemoteWebElement.java:83)
	at utils.WebBasePage.clickElementVisible(WebBasePage.java:62)
	at pageobjects.Manager.DashboardPage.selectPayMentData(DashboardPage.java:639)
	at pageobjects.Manager.DashboardPage.ClientTab(DashboardPage.java:776)
	at pageobjects.Manager.DashboardPage.Client(DashboardPage.java:788)
	at testcases.TextmercatoEndEndFlow.dashboardClientpage(TextmercatoEndEndFlow.java:207)
	at sun.reflect.NativeMethodAccessorImpl.invoke0(Native Method)
	at sun.reflect.NativeMethodAccessorImpl.invoke(NativeMethodAccessorImpl.java:62)
	at sun.reflect.DelegatingMethodAccessorImpl.invoke(DelegatingMethodAccessorImpl.java:43)
	at java.lang.reflect.Method.invoke(Method.java:498)
	at org.testng.internal.MethodInvocationHelper.invokeMethod(MethodInvocationHelper.java:85)
	at org.testng.internal.Invoker.invokeMethod(Invoker.java:639)
	at org.testng.internal.Invoker.invokeTestMethod(Invoker.java:816)
	at org.testng.internal.Invoker.invokeTestMethods(Invoker.java:1124)
	at org.testng.internal.TestMethodWorker.invokeTestMethods(TestMethodWorker.java:125)
	at org.testng.internal.TestMethodWorker.run(TestMethodWorker.java:108)
	at org.testng.TestRunner.privateRun(TestRunner.java:774)
	at org.testng.TestRunner.run(TestRunner.java:624)
	at org.testng.SuiteRunner.runTest(SuiteRunner.java:359)
	at org.testng.SuiteRunner.runSequentially(SuiteRunner.java:354)
	at org.testng.SuiteRunner.privateRun(SuiteRunner.java:312)
	at org.testng.SuiteRunner.run(SuiteRunner.java:261)
	at org.testng.SuiteRunnerWorker.runSuite(SuiteRunnerWorker.java:52)
	at org.testng.SuiteRunnerWorker.run(SuiteRunnerWorker.java:86)
	at org.testng.TestNG.runSuitesSequentially(TestNG.java:1191)
	at org.testng.TestNG.runSuitesLocally(TestNG.java:1116)
	at org.testng.TestNG.run(TestNG.java:1024)
	at org.apache.maven.surefire.testng.TestNGExecutor.run(TestNGExecutor.java:281)
	at org.apache.maven.surefire.testng.TestNGXmlTestSuite.execute(TestNGXmlTestSuite.java:75)
	at org.apache.maven.surefire.testng.TestNGProvider.invoke(TestNGProvider.java:121)
	at org.apache.maven.surefire.booter.ForkedBooter.invokeProviderInSameClassLoader(ForkedBooter.java:290)
	at org.apache.maven.surefire.booter.ForkedBooter.runSuitesInProcess(ForkedBooter.java:242)
	at org.apache.maven.surefire.booter.ForkedBooter.main(ForkedBooter.java:121)
]]>
    </error>
  </testcase> <!-- dashboardClientpage -->
  <testcase name="writer_SubmitArticles" time="76.496" classname="testcases.TextmercatoEndEndFlow"/>
  <testcase name="wrtiter_VerifyProjCompleted" time="25.514" classname="testcases.TextmercatoEndEndFlow"/>
  <testcase name="manager_ReviewArticles" time="42.806" classname="testcases.TextmercatoEndEndFlow"/>
  <testcase name="manager_Tickets" time="18.589" classname="testcases.TextmercatoEndEndFlow"/>
  <testcase name="manager_CreateProject" time="138.063" classname="testcases.TextmercatoEndEndFlow"/>
  <testcase name="manager_reviewArticlesSubmittedByEditor" time="55.931" classname="testcases.TextmercatoEndEndFlow"/>
  <testcase name="editor_ApproveAndRejectArticles" time="58.200" classname="testcases.TextmercatoEndEndFlow"/>
  <testcase name="manager_Messages" time="69.660" classname="testcases.TextmercatoEndEndFlow">
    <error type="java.lang.NullPointerException">
      <![CDATA[java.lang.NullPointerException
	at pageobjects.Manager.DashboardPage.Uplodfile(DashboardPage.java:513)
	at pageobjects.Manager.DashboardPage.Compose(DashboardPage.java:529)
	at pageobjects.Manager.DashboardPage.Message(DashboardPage.java:534)
	at testcases.TextmercatoEndEndFlow.manager_Messages(TextmercatoEndEndFlow.java:191)
	at sun.reflect.NativeMethodAccessorImpl.invoke0(Native Method)
	at sun.reflect.NativeMethodAccessorImpl.invoke(NativeMethodAccessorImpl.java:62)
	at sun.reflect.DelegatingMethodAccessorImpl.invoke(DelegatingMethodAccessorImpl.java:43)
	at java.lang.reflect.Method.invoke(Method.java:498)
	at org.testng.internal.MethodInvocationHelper.invokeMethod(MethodInvocationHelper.java:85)
	at org.testng.internal.Invoker.invokeMethod(Invoker.java:639)
	at org.testng.internal.Invoker.invokeTestMethod(Invoker.java:816)
	at org.testng.internal.Invoker.invokeTestMethods(Invoker.java:1124)
	at org.testng.internal.TestMethodWorker.invokeTestMethods(TestMethodWorker.java:125)
	at org.testng.internal.TestMethodWorker.run(TestMethodWorker.java:108)
	at org.testng.TestRunner.privateRun(TestRunner.java:774)
	at org.testng.TestRunner.run(TestRunner.java:624)
	at org.testng.SuiteRunner.runTest(SuiteRunner.java:359)
	at org.testng.SuiteRunner.runSequentially(SuiteRunner.java:354)
	at org.testng.SuiteRunner.privateRun(SuiteRunner.java:312)
	at org.testng.SuiteRunner.run(SuiteRunner.java:261)
	at org.testng.SuiteRunnerWorker.runSuite(SuiteRunnerWorker.java:52)
	at org.testng.SuiteRunnerWorker.run(SuiteRunnerWorker.java:86)
	at org.testng.TestNG.runSuitesSequentially(TestNG.java:1191)
	at org.testng.TestNG.runSuitesLocally(TestNG.java:1116)
	at org.testng.TestNG.run(TestNG.java:1024)
	at org.apache.maven.surefire.testng.TestNGExecutor.run(TestNGExecutor.java:281)
	at org.apache.maven.surefire.testng.TestNGXmlTestSuite.execute(TestNGXmlTestSuite.java:75)
	at org.apache.maven.surefire.testng.TestNGProvider.invoke(TestNGProvider.java:121)
	at org.apache.maven.surefire.booter.ForkedBooter.invokeProviderInSameClassLoader(ForkedBooter.java:290)
	at org.apache.maven.surefire.booter.ForkedBooter.runSuitesInProcess(ForkedBooter.java:242)
	at org.apache.maven.surefire.booter.ForkedBooter.main(ForkedBooter.java:121)
]]>
    </error>
  </testcase> <!-- manager_Messages -->
</testsuite> <!-- testcases.TextmercatoEndEndFlow -->
