<?xml version="1.0" encoding="UTF-8"?>
<!-- Generated by org.testng.reporters.JUnitXMLReporter -->
<testsuite hostname="text-OptiPlex-3010" name="TestName" tests="13" failures="2" timestamp="3 Aug 2018 12:53:49 GMT" time="811.161" errors="0">
  <testcase name="frontEndTesting" time="112.355" classname="testcases.TextmercatoEndEndFlow"/>
  <testcase name="manager_profilepage" time="15.146" classname="testcases.TextmercatoEndEndFlow"/>
  <testcase name="manager_CreateProject" time="137.505" classname="testcases.TextmercatoEndEndFlow"/>
  <testcase name="writer_SubmitArticles" time="75.914" classname="testcases.TextmercatoEndEndFlow"/>
  <testcase name="manager_ReviewArticles" time="42.09" classname="testcases.TextmercatoEndEndFlow"/>
  <testcase name="editor_ApproveAndRejectArticles" time="57.635" classname="testcases.TextmercatoEndEndFlow"/>
  <testcase name="manager_reviewArticlesSubmittedByEditor" time="55.353" classname="testcases.TextmercatoEndEndFlow"/>
  <testcase name="writer_ReworkOnArticles" time="117.851" classname="testcases.TextmercatoEndEndFlow"/>
  <testcase name="manager_ApproveReworkArticles" time="37.082" classname="testcases.TextmercatoEndEndFlow"/>
  <testcase name="wrtiter_VerifyProjCompleted" time="23.415" classname="testcases.TextmercatoEndEndFlow"/>
  <testcase name="manager_Tickets" time="18.023" classname="testcases.TextmercatoEndEndFlow"/>
  <testcase name="manager_Messages" time="69.113" classname="testcases.TextmercatoEndEndFlow">
    <failure type="java.lang.NullPointerException">
      <![CDATA[java.lang.NullPointerException
	at pageobjects.Manager.DashboardPage.Uplodfile(DashboardPage.java:513)
	at pageobjects.Manager.DashboardPage.Compose(DashboardPage.java:529)
	at pageobjects.Manager.DashboardPage.Message(DashboardPage.java:534)
	at testcases.TextmercatoEndEndFlow.manager_Messages(TextmercatoEndEndFlow.java:191)
... Removed 27 stack frames]]>
    </failure>
  </testcase> <!-- manager_Messages -->
  <testcase name="dashboardClientpage" time="40.495" classname="testcases.TextmercatoEndEndFlow">
    <failure type="org.openqa.selenium.WebDriverException" message="unknown error: Element &amp;lt;input client_id=&amp;quot;68&amp;quot; style=&amp;quot; width:100%; &amp;quot; title=&amp;quot;Mark as Paid&amp;quot; class=&amp;quot;mark_as_paid_datepicker client_id68&amp;quot; amount_to_be_paid=&amp;quot;5664&amp;quot; amount_paid_by_client=&amp;quot;&amp;quot; readonly=&amp;quot;1&amp;quot;&amp;gt; is not clickable at point (931, 14). Other element would receive the click: &amp;lt;div class=&amp;quot;modal bootstrap-dialog type-primary fade size-normal in&amp;quot; role=&amp;quot;dialog&amp;quot; aria-hidden=&amp;quot;true&amp;quot; id=&amp;quot;80153e2b-bcef-4d67-ad2f-b5405b354f84&amp;quot; aria-labelledby=&amp;quot;80153e2b-bcef-4d67-ad2f-b5405b354f84_title&amp;quot; tabindex=&amp;quot;-1&amp;quot; style=&amp;quot;z-index: 1050; display: block; padding-right: 15px;&amp;quot;&amp;gt;...&amp;lt;/div&amp;gt;
  (Session info: chrome=68.0.3440.84)
  (Driver info: chromedriver=2.38.552522 (437e6fbedfa8762dec75e2c5b3ddb86763dc9dcb),platform=Linux 4.15.0-29-generic x86_64) (WARNING: The server did not provide any stacktrace information)
Command duration or timeout: 0 milliseconds
Build info: version: &amp;apos;3.11.0&amp;apos;, revision: &amp;apos;e59cfb3&amp;apos;, time: &amp;apos;2018-03-11T20:26:55.152Z&amp;apos;
System info: host: &amp;apos;text-OptiPlex-3010&amp;apos;, ip: &amp;apos;127.0.1.1&amp;apos;, os.name: &amp;apos;Linux&amp;apos;, os.arch: &amp;apos;amd64&amp;apos;, os.version: &amp;apos;4.15.0-29-generic&amp;apos;, java.version: &amp;apos;1.8.0_181&amp;apos;
Driver info: org.openqa.selenium.chrome.ChromeDriver
Capabilities {acceptInsecureCerts: false, acceptSslCerts: false, applicationCacheEnabled: false, browserConnectionEnabled: false, browserName: chrome, chrome: {chromedriverVersion: 2.38.552522 (437e6fbedfa876..., userDataDir: /tmp/.org.chromium.Chromium...}, cssSelectorsEnabled: true, databaseEnabled: false, handlesAlerts: true, hasTouchScreen: false, javascriptEnabled: true, locationContextEnabled: true, mobileEmulationEnabled: false, nativeEvents: true, networkConnectionEnabled: false, pageLoadStrategy: normal, platform: LINUX, platformName: LINUX, rotatable: false, setWindowRect: true, takesHeapSnapshot: true, takesScreenshot: true, unexpectedAlertBehaviour: , unhandledPromptBehavior: , version: 68.0.3440.84, webStorageEnabled: true}
Session ID: a0cb8a7a797c93535e3c6b051b6c0bb2">
      <![CDATA[org.openqa.selenium.WebDriverException: unknown error: Element <input client_id="68" style=" width:100%; " title="Mark as Paid" class="mark_as_paid_datepicker client_id68" amount_to_be_paid="5664" amount_paid_by_client="" readonly="1"> is not clickable at point (931, 14). Other element would receive the click: <div class="modal bootstrap-dialog type-primary fade size-normal in" role="dialog" aria-hidden="true" id="80153e2b-bcef-4d67-ad2f-b5405b354f84" aria-labelledby="80153e2b-bcef-4d67-ad2f-b5405b354f84_title" tabindex="-1" style="z-index: 1050; display: block; padding-right: 15px;">...</div>
  (Session info: chrome=68.0.3440.84)
  (Driver info: chromedriver=2.38.552522 (437e6fbedfa8762dec75e2c5b3ddb86763dc9dcb),platform=Linux 4.15.0-29-generic x86_64) (WARNING: The server did not provide any stacktrace information)
Command duration or timeout: 0 milliseconds
Build info: version: '3.11.0', revision: 'e59cfb3', time: '2018-03-11T20:26:55.152Z'
System info: host: 'text-OptiPlex-3010', ip: '127.0.1.1', os.name: 'Linux', os.arch: 'amd64', os.version: '4.15.0-29-generic', java.version: '1.8.0_181'
Driver info: org.openqa.selenium.chrome.ChromeDriver
Capabilities {acceptInsecureCerts: false, acceptSslCerts: false, applicationCacheEnabled: false, browserConnectionEnabled: false, browserName: chrome, chrome: {chromedriverVersion: 2.38.552522 (437e6fbedfa876..., userDataDir: /tmp/.org.chromium.Chromium...}, cssSelectorsEnabled: true, databaseEnabled: false, handlesAlerts: true, hasTouchScreen: false, javascriptEnabled: true, locationContextEnabled: true, mobileEmulationEnabled: false, nativeEvents: true, networkConnectionEnabled: false, pageLoadStrategy: normal, platform: LINUX, platformName: LINUX, rotatable: false, setWindowRect: true, takesHeapSnapshot: true, takesScreenshot: true, unexpectedAlertBehaviour: , unhandledPromptBehavior: , version: 68.0.3440.84, webStorageEnabled: true}
Session ID: a0cb8a7a797c93535e3c6b051b6c0bb2
	at org.openqa.selenium.remote.ErrorHandler.createThrowable(ErrorHandler.java:214)
	at org.openqa.selenium.remote.ErrorHandler.throwIfResponseFailed(ErrorHandler.java:166)
	at org.openqa.selenium.remote.http.JsonHttpResponseCodec.reconstructValue(JsonHttpResponseCodec.java:40)
	at org.openqa.selenium.remote.http.AbstractHttpResponseCodec.decode(AbstractHttpResponseCodec.java:80)
	at org.openqa.selenium.remote.http.AbstractHttpResponseCodec.decode(AbstractHttpResponseCodec.java:44)
	at org.openqa.selenium.remote.HttpCommandExecutor.execute(HttpCommandExecutor.java:158)
	at org.openqa.selenium.remote.service.DriverCommandExecutor.execute(DriverCommandExecutor.java:83)
	at org.openqa.selenium.remote.RemoteWebDriver.execute(RemoteWebDriver.java:545)
	at org.openqa.selenium.remote.RemoteWebElement.execute(RemoteWebElement.java:279)
	at org.openqa.selenium.remote.RemoteWebElement.click(RemoteWebElement.java:83)
	at utils.WebBasePage.clickElementVisible(WebBasePage.java:62)
	at pageobjects.Manager.DashboardPage.selectPayMentData(DashboardPage.java:639)
	at pageobjects.Manager.DashboardPage.ClientTab(DashboardPage.java:776)
	at pageobjects.Manager.DashboardPage.Client(DashboardPage.java:788)
	at testcases.TextmercatoEndEndFlow.dashboardClientpage(TextmercatoEndEndFlow.java:207)
... Removed 31 stack frames]]>
    </failure>
  </testcase> <!-- dashboardClientpage -->
</testsuite> <!-- TestName -->
